<slide>
<title>Various Versions</title>

<example class="small" inline="2">
              7.1.15        7.1.23-zts    7.1.32-zts    7.2.10-32bit  7.2.19-zts    7.2.7         7.3.4-zts
              7.1.15-32bit  7.1.24        7.1.3-32bit   7.2.10-zts    7.2.1-zts     7.2.7-32bit   7.3.5
              7.1.15-zts    7.1.24-32bit  7.1.3-zts     7.2.11        7.2.2         7.2.7-zts     7.3.5-32bit
              7.1.16        7.1.24-zts    7.1.4         7.2.11-32bit  7.2.20        7.2.8         7.3.5-zts
              7.1.16-32bit  7.1.25        7.1.4-32bit   7.2.11-zts    7.2.20-32bit  7.2.8-32bit   7.3.6
              7.1.16-zts    7.1.25-32bit  7.1.4-zts     7.2.12        7.2.20-zts    7.2.8-zts     7.3.6-32bit
              7.1.17        7.1.25-zts    7.1.5         7.2.12-32bit  7.2.21        7.2.9         7.3.6-zts
              7.1.17-32bit  7.1.26        7.1.5-32bit   7.2.12-zts    7.2.21-32bit  7.2.9-32bit   7.3.7
              7.1.17-zts    7.1.26-32bit  7.1.5-zts     7.2.13        7.2.21-zts    7.2.9-zts     7.3.7-32bit
7.1.0         7.1.18        7.1.26-zts    7.1.6         7.2.1-32bit   7.2.22        7.2dev        7.3.7-zts
7.1.0-32bit   7.1.18-32bit  7.1.27        7.1.6-32bit   7.2.13-32bit  7.2.22-32bit  7.2dev-32bit  7.3.8
7.1.0-zts     7.1.18-zts    7.1.27-32bit  7.1.6-zts     7.2.13-zts    7.2.22-zts    7.2dev-zts    7.3.8-32bit
7.1.1         7.1.19        7.1.27-zts    7.1.7         7.2.14        7.2.23        7.3.0         7.3.8-zts
7.1.10        7.1.19-32bit  7.1.28        7.1.7-32bit   7.2.14-32bit  7.2.2-32bit   7.3.0-32bit   7.3.9
7.1.10-32bit  7.1.19-zts    7.1.28-32bit  7.1.7-zts     7.2.14-zts    7.2.23-32bit  7.3.0-zts     7.3.9-32bit
7.1.10-zts    7.1.1-zts     7.1.28-zts    7.1.8         7.2.15        7.2.23-zts    7.3.1         7.3.9-zts
7.1.11        7.1.2         7.1.29        7.1.8-32bit   7.2.15-32bit  7.2.2-zts     7.3.10        7.3dev
7.1.11-32bit  7.1.20        7.1.29-32bit  7.1.8-zts     7.2.15-zts    7.2.3         7.3.10-32bit  7.3dev-32bit
7.1.11-zts    7.1.20-32bit  7.1.29-zts    7.1.9         7.2.16        7.2.3-32bit   7.3.10-zts    7.3dev-zts
7.1.12        7.1.20-zts    7.1.2-zts     7.1.9-32bit   7.2.16-32bit  7.2.3-zts     7.3.1-32bit   7.4dev
7.1.12-32bit  7.1.21        7.1.3         7.1.9-zts     7.2.16-zts    7.2.4         7.3.1-zts     7.4dev-32bit
7.1.12-zts    7.1.21-32bit  7.1.30        7.1dev        7.2.17        7.2.4-32bit   7.3.2         7.4dev-zts
7.1.13        7.1.21-zts    7.1.30-32bit  7.1dev-32bit  7.2.17-32bit  7.2.4-zts     7.3.2-32bit   master
7.1.1-32bit   7.1.22        7.1.30-zts    7.1dev-zts    7.2.17-zts    7.2.5         7.3.2-zts     master-32bit
7.1.13-32bit  7.1.22-32bit  7.1.31        7.2.0         7.2.18        7.2.5-32bit   7.3.3         master-zts
7.1.13-zts    7.1.22-zts    7.1.31-32bit  7.2.0-32bit   7.2.18-32bit  7.2.5-zts     7.3.3-32bit
7.1.14        7.1.23        7.1.31-zts    7.2.0-zts     7.2.18-zts    7.2.6         7.3.3-zts
7.1.14-32bit  7.1.2-32bit   7.1.32        7.2.1         7.2.19        7.2.6-32bit   7.3.4
7.1.14-zts    7.1.23-32bit  7.1.32-32bit  7.2.10        7.2.19-32bit  7.2.6-zts     7.3.4-32bit
</example>
</slide>
