<slide>
<title>Various Versions</title>

<example class="small" inline="2">
              7.2.12        7.2.22-zts        7.2.33        7.3.11-zts    7.3.2-zts     7.4.3-32bit
              7.2.12-32bit  7.2.23            7.2.3-32bit   7.3.12        7.3.3         7.4.3-zts
              7.2.12-zts    7.2.2-32bit       7.2.33-32bit  7.3.12-32bit  7.3.3-32bit   7.4.4
              7.2.13        7.2.23-32bit      7.2.33-zts    7.3.12-zts    7.3.3-zts     7.4.4-32bit
              7.2.1-32bit   7.2.23-zts        7.2.3-zts     7.3.13        7.3.4         7.4.4-zts
              7.2.13-32bit  7.2.24            7.2.4         7.3.1-32bit   7.3.4-32bit   7.4.5
              7.2.13-zts    7.2.24-32bit      7.2.4-32bit   7.3.13-32bit  7.3.4-zts     7.4.5-32bit
              7.2.14        7.2.24-zts        7.2.4-zts     7.3.13-zts    7.3.5         7.4.5-zts
              7.2.14-32bit  7.2.25            7.2.5         7.3.14        7.3.5-32bit   7.4.6
              7.2.14-zts    7.2.25-32bit      7.2.5-32bit   7.3.14-32bit  7.3.5-zts     7.4.6-32bit
              7.2.15        7.2.25-zts        7.2.5-zts     7.3.14-zts    7.3.6         7.4.6-zts
              7.2.15-32bit  7.2.25-zts-32bit  7.2.6         7.3.15        7.3.6-32bit   7.4.7
              7.2.15-zts    7.2.26            7.2.6-32bit   7.3.15-32bit  7.3.6-zts     7.4.7-32bit
              7.2.16        7.2.26-32bit      7.2.6-zts     7.3.15-zts    7.3.7         7.4.7-zts
              7.2.16-32bit  7.2.26-zts        7.2.7         7.3.16        7.3.7-32bit   7.4.8
              7.2.16-zts    7.2.27            7.2.7-32bit   7.3.16-32bit  7.3.7-zts     7.4.8-32bit
              7.2.17        7.2.27-32bit      7.2.7-zts     7.3.16-zts    7.3.8         7.4.8-zts
              7.2.17-32bit  7.2.27-zts        7.2.8         7.3.17        7.3.8-32bit   7.4.9
              7.2.17-zts    7.2.28            7.2.8-32bit   7.3.17-32bit  7.3.8-zts     7.4.9-32bit
              7.2.18        7.2.28-32bit      7.2.8-zts     7.3.17-zts    7.3.9         7.4.9-zts
              7.2.18-32bit  7.2.28-zts        7.2.9         7.3.18        7.3.9-32bit   7.4dev
              7.2.18-zts    7.2.29            7.2.9-32bit   7.3.18-32bit  7.3.9-zts     7.4dev-32bit
              7.2.19        7.2.29-32bit      7.2.9-zts     7.3.18-zts    7.3dev        7.4dev-zts
              7.2.19-32bit  7.2.29-zts        7.2dev        7.3.19        7.3dev-32bit          
              7.2.19-zts    7.2.2-zts         7.2dev-32bit  7.3.19-32bit  7.3dev-zts    master
7.2.0         7.2.1-zts     7.2.3             7.2dev-zts    7.3.19-zts    7.4.0         master-32bit
7.2.0-32bit   7.2.2         7.2.30            7.3.0         7.3.1-zts     7.4.0-32bit   master-zts
7.2.0-zts     7.2.20        7.2.30-32bit      7.3.0-32bit   7.3.2         7.4.0-zts
7.2.1         7.2.20-32bit  7.2.30-zts        7.3.0-zts     7.3.20        7.4.1
7.2.10        7.2.20-zts    7.2.31            7.3.1         7.3.20-32bit  7.4.1-32bit
7.2.10-32bit  7.2.21        7.2.31-32bit      7.3.10        7.3.20-zts    7.4.1-zts
7.2.10-zts    7.2.21-32bit  7.2.31-zts        7.3.10-32bit  7.3.21        7.4.2
7.2.11        7.2.21-zts    7.2.32            7.3.10-zts    7.3.21-32bit  7.4.2-32bit
7.2.11-32bit  7.2.22        7.2.32-32bit      7.3.11        7.3.21-zts    7.4.2-zts
7.2.11-zts    7.2.22-32bit  7.2.32-zts        7.3.11-32bit  7.3.2-32bit   7.4.3
</example>
</slide>
